MPASM 5.86                     QUESTAO01.ASM   12-18-2021  11:06:55         PAGE  1


LOC  OBJECT CODE     LINE SOURCE TEXT
  VALUE

                      00001     ; TODO INSERT CONFIG CODE HERE USING CONFIG BITS GENERATOR
                      00002 
                      00003 variaveis udata_acs 0x20  ;reservando espaço de memória para as variaveis
Warning[207]: Found label after column 1. (A)
000020                00004     A RES 2    ;variavel de 16bits
Warning[207]: Found label after column 1. (B)
000022                00005     B RES 2    ;variavel de 16bits
Warning[207]: Found label after column 1. (RESULTADO)
000024                00006     RESULTADO RES 2         ;resultado de 16bits
                      00007 
                      00008     
                      00009 RES_VECT  CODE    0x0000            ; processor reset vector
000000 EF?? F???      00010     GOTO    START                   ; go to beginning of program
                      00011 
                      00012 ; TODO ADD INTERRUPTS HERE IF USED
                      00013 
                      00014 MAIN_PROG CODE                      ; let linker place main program
                      00015 
000000                00016 START
                      00017  
                      00018     ;ajustando os valores das variaveis
000000 0EFF           00019     MOVLW 0xFF  ;numero arbtrario da parte menos significativa
000002 6E??           00020     MOVWF A     ;menos significativo da variavel A
                      00021     
000004 0EFF           00022     MOVLW 0xFF  ;numero arbtrario da parte mais significativa
000006 6E??           00023     MOVWF A+1   ;mais significativo da variavel A
                      00024     
000008 0EFF           00025     MOVLW 0xFF  ;numero arbtrario da parte menos significativa
00000A 6E??           00026     MOVWF B     ;menos significativo da variavel B
                      00027     
00000C 0EFF           00028     MOVLW 0xFF  ;numero arbtrario da parte mais significativa
00000E 6E??           00029     MOVWF B+1   ;mais significativo da variavel B
                      00030  
000010 0E00           00031     MOVLW 0x00
                      00032     
000012 0000           00033     NOP                 ;ultilizado para parar utilizando o debuger
                      00034     
000014 5000           00035     MOVF A, 0           ;move o valor armazenado em A para W
000016 26??           00036     ADDWF B             ;soma B e W e armazena em B
000018 5000           00037     MOVF B, 0           ; o valor armazenado em B é movido para W
00001A 6E??           00038     MOVWF RESULTADO     ; o valor armazenado em W é movido para RESULTADO
                      00039     
00001C 5000           00040     MOVF A+1, 0 ;move o valor armazenado em A+1 para W
00001E 22??           00041     ADDWFC B+1          ;soma B+1 e W e armazena em B+1
000020 5000           00042     MOVF B+1, 0 ;move o valor armazenado em B+1 para W
000022 6E??           00043     MOVWF RESULTADO+1   ;move o valor armazenado em W para RESULTADO+1
                      00044 
000024 0000           00045     NOP
                      00046     END
MPASM 5.86                     QUESTAO01.ASM   12-18-2021  11:06:55         PAGE  2


SYMBOL TABLE
  LABEL                             VALUE 

A                                 00000020
B                                 00000022
RESULTADO                         00000024
START                             00000000
__18F4550                         00000001
__DEBUG                           
__MPLAB_DEBUGGER_SIMULATOR        1

Errors   :     0
Warnings :     3 reported,     0 suppressed
Messages :     0 reported,     0 suppressed

