MPASM 5.86                     QUESTAO04.ASM   12-8-2021  22:48:52         PAGE  1


LOC  OBJECT CODE     LINE SOURCE TEXT
  VALUE

                      00001 ; TODO INSERT CONFIG CODE HERE USING CONFIG BITS GENERATOR
                      00002 
                      00003 RES_VECT  CODE    0x0000            ; processor reset vector
000000 EF?? F???      00004     GOTO    START                   ; go to beginning of program
                      00005 
                      00006 ; TODO ADD INTERRUPTS HERE IF USED
                      00007 
                      00008 MAIN_PROG CODE                      ; let linker place main program
                      00009 
000000                00010 START
                      00011 
000000 0E0A           00012     MOVLW d'10'         ; coloca o valor de A no registro W
000002 6E02           00013     MOVWF h'02'         ; coloca valor de W na posiçao 2 de memória RAM
                      00014 
                      00015     END
MPASM 5.86                     QUESTAO04.ASM   12-8-2021  22:48:52         PAGE  2


SYMBOL TABLE
  LABEL                             VALUE 

START                             00000000
__18F4550                         00000001
__DEBUG                           
__MPLAB_DEBUGGER_SIMULATOR        1

Errors   :     0
Warnings :     0 reported,     0 suppressed
Messages :     0 reported,     0 suppressed

