MPASM 5.86                     QUESTAO01.ASM   12-8-2021  22:48:52         PAGE  1


LOC  OBJECT CODE     LINE SOURCE TEXT
  VALUE

                      00001 ; TODO IN/S+ERT CONFIG CODE HERE USING CONFIG BITS GENERATOR
                      00002     
                      00003 variaveis udata_acs 0x20  ;reservando espaço de memória para as variaveis
Warning[207]: Found label after column 1. (A)
000020                00004     A RES 2    ;variavel de 16bits
Warning[207]: Found label after column 1. (B)
000022                00005     B RES 2    ;variavel de 16bits
Warning[207]: Found label after column 1. (RESULTADO)
000024                00006     RESULTADO RES 2         ;resultado de 16bits
                      00007 
                      00008 RES_VECT  CODE    0x0000            ; processor reset vector
000000 EF?? F???      00009     GOTO    START                   ; go to beginning of program
                      00010 
                      00011 ; TODO ADD INTERRUPTS HERE IF USED
                      00012 
                      00013 MAIN_PROG CODE                      ; let linker place main program
                      00014 
000000                00015 START
                      00016 
000000 0E??           00017     MOVLW A             ; coloca o valor de A no registro W
000002 6E02           00018     MOVWF h'02'         ; coloca valor de W na posiçao 2 de memória RAM
000004 0E??           00019     MOVLW B             ; coloca o valor de B no registro W
000006 2402           00020     ADDWF 0x02,W        ; W = W + file REGISTRE 0x02
000008 6E??           00021     MOVWF RESULTADO     ; o valor armazenado em W é movido para RESULTADO
                      00022 
                      00023      
                      00024     END
MPASM 5.86                     QUESTAO01.ASM   12-8-2021  22:48:52         PAGE  2


SYMBOL TABLE
  LABEL                             VALUE 

A                                 00000020
B                                 00000022
RESULTADO                         00000024
START                             00000000
__18F4550                         00000001
__DEBUG                           
__MPLAB_DEBUGGER_SIMULATOR        1

Errors   :     0
Warnings :     3 reported,     0 suppressed
Messages :     0 reported,     0 suppressed

